2024-06-18 14:34:50,732 - Iris - INFO - Iris's backend starting...
2024-06-18 14:34:50,732 - Iris - INFO - Iris's fastapi backend booted successfully
2024-06-18 14:39:16,237 - Iris - INFO - Iris's backend starting...
2024-06-18 14:39:16,237 - Iris - INFO - Iris's fastapi backend booted successfully
2024-06-18 14:42:01,250 - Iris - INFO - Iris's backend starting...
2024-06-18 14:42:01,250 - Iris - INFO - Iris's fastapi backend booted successfully
2024-06-18 14:42:21,670 - Iris - INFO - Iris's backend starting...
2024-06-18 14:42:21,670 - Iris - INFO - Iris's fastapi backend booted successfully
2024-06-18 14:47:54,101 - Iris - INFO - Iris's backend starting...
2024-06-18 14:47:54,101 - Iris - INFO - Iris's fastapi backend booted successfully
2024-06-18 14:51:42,778 - Iris - INFO - Iris's backend starting...
2024-06-18 14:51:42,779 - Iris - INFO - Iris's fastapi backend booted successfully
2024-06-18 14:55:02,761 - Iris - INFO - Iris's backend starting...
2024-06-18 14:55:02,761 - Iris - INFO - Iris's fastapi backend booted successfully
2024-06-18 14:55:47,944 - Iris - INFO - Iris's backend starting...
2024-06-18 14:55:47,944 - Iris - INFO - Iris's fastapi backend booted successfully
2024-06-18 14:57:20,908 - Iris - INFO - Iris's backend starting...
2024-06-18 14:57:20,908 - Iris - INFO - Iris's fastapi backend booted successfully
2024-06-18 16:59:58,939 - Iris - INFO - Iris's backend starting...
2024-06-18 16:59:58,940 - Iris - INFO - Iris's fastapi backend booted successfully
2024-06-18 17:07:23,739 - Iris - INFO - Starting backend for Iris
2024-06-18 17:07:50,127 - Iris - INFO - Starting backend for Iris
2024-06-18 17:08:48,857 - Iris - INFO - Starting backend for Iris
2024-06-18 17:11:45,242 - Iris - INFO - Starting backend for Iris
2024-06-18 18:28:55,767 - Iris - INFO - Starting backend for Iris
2024-06-18 18:32:37,188 - Iris - INFO - Starting backend for Iris
2024-06-18 18:34:09,395 - Iris - INFO - Starting backend for Iris
2024-06-18 18:34:20,515 - Iris - INFO - Starting backend for Iris
2024-06-18 18:37:33,907 - Iris - INFO - Starting backend for Iris
2024-06-19 08:34:13,836 - Iris - INFO - Starting backend for Iris
2024-06-19 08:39:17,752 - Iris - INFO - Starting backend for Iris
2024-06-19 08:47:27,624 - Iris - INFO - Starting backend for Iris
2024-06-19 08:47:45,992 - Iris - INFO - Starting backend for Iris
2024-06-19 08:48:03,002 - Iris - INFO - Starting backend for Iris
2024-06-19 08:50:47,580 - Iris - INFO - Starting backend for Iris
2024-06-19 08:50:48,961 - Iris - INFO - Got chat message: <2024-06-19T07:50:48Z> [api-user] test
2024-06-19 08:52:27,236 - Iris - INFO - Starting backend for Iris
2024-06-19 08:52:29,386 - Iris - INFO - Got chat message: <2024-06-19T07:52:29Z> [api-user] test
2024-06-19 08:54:02,962 - Iris - INFO - Starting backend for Iris
2024-06-19 08:54:04,142 - Iris - INFO - Got chat message: <2024-06-19T07:54:04Z> [api-user] test
2024-06-19 08:56:30,833 - Iris - INFO - Starting backend for Iris
2024-06-19 08:56:32,970 - Iris - INFO - Got chat message: <2024-06-19T07:56:32Z> [api-user] test
2024-06-19 08:56:34,811 - Iris - INFO - Setting next wakeup alarm to: 2024-06-19T07:56:39.811152+00:00
2024-06-19 08:56:39,812 - Iris - INFO - Wakeup alarm triggered.
2024-06-19 08:57:32,457 - Iris - INFO - Starting backend for Iris
2024-06-19 08:57:38,110 - Iris - INFO - Got chat message: <2024-06-19T07:57:38Z> [api-user] test
2024-06-19 08:57:40,539 - Iris - INFO - Setting next wakeup alarm to: 2024-06-19T07:57:45.539469+00:00
2024-06-19 08:57:45,542 - Iris - INFO - Wakeup alarm triggered.
2024-06-19 08:57:46,739 - Iris - INFO - Setting next wakeup alarm to: 2024-06-19T08:02:46.739110+00:00
2024-06-19 08:58:29,330 - Iris - INFO - Starting backend for Iris
2024-06-19 08:58:31,964 - Iris - INFO - Got chat message: <2024-06-19T07:58:31Z> [api-user] Test
2024-06-19 08:59:06,793 - Iris - INFO - Starting backend for Iris
2024-06-19 08:59:09,661 - Iris - INFO - Got chat message: <2024-06-19T07:59:09Z> [api-user] test
2024-06-19 08:59:10,850 - Iris - INFO - Setting next wakeup alarm to: 2024-06-19T07:59:15.850410+00:00
2024-06-19 08:59:15,852 - Iris - INFO - Wakeup alarm triggered.
2024-06-19 08:59:17,187 - Iris - INFO - Setting next wakeup alarm to: 2024-06-19T08:00:17.187446+00:00
2024-06-19 08:59:35,364 - Iris - INFO - Starting backend for Iris
2024-06-19 08:59:37,736 - Iris - INFO - Got chat message: <2024-06-19T07:59:37Z> [api-user] test
2024-06-19 08:59:40,019 - Iris - INFO - Setting next wakeup alarm to: 2024-06-19T07:59:45.019827+00:00
2024-06-19 08:59:45,022 - Iris - INFO - Wakeup alarm triggered.
2024-06-19 08:59:47,285 - Iris - INFO - Updating whiteboard to:
# Whiteboard

Remember to:
- Draft policy proposal on renewable energy incentives
  - Research current policies and identify areas for improvement
  - Gather stakeholder input and analyze data
  - Write clear, concise policy draft
  - Send draft to Cora for review
- Respond to any messages addressed to me

2024-06-19 08:59:47,285 - Iris - INFO - Setting next wakeup alarm to: 2024-06-19T08:04:47.285584+00:00
2024-06-19 08:59:54,779 - Iris - INFO - Starting backend for Iris
2024-06-19 08:59:57,779 - Iris - INFO - Setting next wakeup alarm to: 2024-06-19T08:00:02.779710+00:00
2024-06-19 09:00:02,781 - Iris - INFO - Wakeup alarm triggered.
2024-06-19 09:00:05,343 - Iris - INFO - Updating whiteboard to:
# Whiteboard

- Create a new policy draft for the upcoming parliamentary session
- Gather research and data on the current state of the issue
- Liaise with relevant government departments and stakeholders to understand their perspectives
- Draft an initial policy proposal and submit it for review by the Policy Critic (Cora)
2024-06-19 09:00:05,345 - Iris - INFO - Setting next wakeup alarm to: 2024-06-19T08:05:05.345457+00:00
2024-06-19 09:00:07,566 - Iris - INFO - Setting next wakeup alarm to: 2024-06-19T08:05:07.566825+00:00
2024-06-19 09:00:10,537 - Iris - INFO - Setting next wakeup alarm to: 2024-06-19T08:02:10.537126+00:00
2024-06-19 09:00:13,976 - Iris - INFO - Starting backend for Iris
2024-06-19 09:00:17,653 - Iris - INFO - Setting next wakeup alarm to: 2024-06-19T08:00:22.653506+00:00
2024-06-19 09:00:22,655 - Iris - INFO - Wakeup alarm triggered.
2024-06-19 09:00:25,267 - Iris - INFO - Updating whiteboard to:
# Whiteboard

- Draft policy proposal on new renewable energy incentives
  - Research current policy landscape and gaps
  - Gather stakeholder input
  - Outline policy objectives and key provisions
  - Write initial draft
  - Submit draft for review by Cora
2024-06-19 09:00:25,268 - Iris - INFO - Setting next wakeup alarm to: 2024-06-19T08:05:25.268475+00:00
2024-06-19 09:00:30,695 - Iris - INFO - Setting next wakeup alarm to: 2024-06-19T08:15:30.695057+00:00
2024-06-19 09:00:32,666 - Iris - INFO - Setting next wakeup alarm to: 2024-06-19T08:15:32.666092+00:00
2024-06-22 08:46:13,796 - Iris - INFO - Starting backend for Iris
2024-06-22 08:46:25,654 - Iris - INFO - Setting next wakeup alarm to: 2024-06-22T07:46:30.654801+00:00
2024-06-22 08:46:30,657 - Iris - INFO - Wakeup alarm triggered.
2024-06-22 08:46:33,539 - Iris - INFO - Updating whiteboard to:
# Tasks

- Review policy draft for healthcare reform bill
- Conduct additional research on impact on underserved communities
- Incorporate feedback from Policy Critic Cora
- Revise draft and submit to Policy Director Robert for review

# Responsibilities

- Ensure policy draft aligns with government objectives and legal framework
- Provide accurate, unbiased analysis to support decision-making
- Collaborate with Policy Critic to refine the policy proposal

# Motivations

The healthcare reform bill is a key government priority to improve access and outcomes for all citizens. As the Policy Generator, I am responsible for producing a high-quality, evidence-based policy draft that addresses the needs of underserved communities. Incorporating Cora's feedback will help strengthen the proposal before submitting it to the Policy Director.
2024-06-22 08:46:33,539 - Iris - INFO - Setting next wakeup alarm to: 2024-06-22T07:51:33.539768+00:00
2024-06-22 08:46:34,830 - Iris - INFO - Setting next wakeup alarm to: 2024-06-22T07:51:34.830477+00:00
2024-06-22 08:46:36,200 - Iris - INFO - Setting next wakeup alarm to: 2024-06-22T07:51:36.200133+00:00
2024-06-22 08:46:37,327 - Iris - INFO - Updating whiteboard to:
# Tasks

- Review policy draft for healthcare reform bill
- Conduct additional research on impact on underserved communities
- Incorporate feedback from Policy Critic Cora
- Revise draft and submit to Policy Director Robert for review

# Responsibilities

- Ensure policy draft aligns with government objectives and legal framework
- Provide accurate, unbiased analysis to support decision-making
- Collaborate with Policy Critic to refine the policy proposal

# Motivations

The healthcare reform bill is a key government priority to improve access and outcomes for all citizens. As the Policy Generator, I am responsible for producing a high-quality, evidence-based policy draft that addresses the needs of underserved communities. Incorporating Cora's feedback will help strengthen the proposal before submitting it to the Policy Director.
2024-06-22 08:46:37,327 - Iris - INFO - Setting next wakeup alarm to: 2024-06-22T07:51:37.327627+00:00
2024-06-22 08:47:41,939 - Iris - INFO - Updating whiteboard to:
# Tasks

- Review policy draft for healthcare reform bill
- Conduct additional research on impact on underserved communities
- Incorporate feedback from Policy Critic Cora
- Revise draft and submit to Policy Director Robert for review

# Responsibilities

- Ensure policy draft aligns with government objectives and legal framework
- Provide accurate, unbiased analysis to support decision-making
- Collaborate with Policy Critic to refine the policy proposal

# Motivations

The healthcare reform bill is a key government priority to improve access and outcomes for all citizens. As the Policy Generator, I am responsible for producing a high-quality, evidence-based policy draft that addresses the needs of underserved communities. Incorporating Cora's feedback will help strengthen the proposal before submitting it to the Policy Director.
2024-06-22 08:47:41,939 - Iris - INFO - Setting next wakeup alarm to: 2024-06-22T07:52:41.939798+00:00
2024-06-22 08:47:45,030 - Iris - INFO - Updating whiteboard to:
# Tasks

- Review policy draft for healthcare reform bill
- Conduct additional research on impact on underserved communities
- Incorporate feedback from Policy Critic Cora
- Revise draft and submit to Policy Director Robert for review

# Responsibilities

- Ensure policy draft aligns with government objectives and legal framework
- Provide accurate, unbiased analysis to support decision-making
- Collaborate with Policy Critic to refine the policy proposal

# Motivations

The healthcare reform bill is a key government priority to improve access and outcomes for all citizens. As the Policy Generator, I am responsible for producing a high-quality, evidence-based policy draft that addresses the needs of underserved communities. Incorporating Cora's feedback will help strengthen the proposal before submitting it to the Policy Director.
2024-06-22 08:47:45,031 - Iris - INFO - Setting next wakeup alarm to: 2024-06-22T07:52:45.031575+00:00
2024-06-22 08:47:47,360 - Iris - INFO - Updating whiteboard to:
# Tasks

- Review policy draft for healthcare reform bill
- Conduct additional research on impact on underserved communities
- Incorporate feedback from Policy Critic Cora
- Revise draft and submit to Policy Director Robert for review

# Responsibilities

- Ensure policy draft aligns with government objectives and legal framework
- Provide accurate, unbiased analysis to support decision-making
- Collaborate with Policy Critic to refine the policy proposal

# Motivations

The healthcare reform bill is a key government priority to improve access and outcomes for all citizens. As the Policy Generator, I am responsible for producing a high-quality, evidence-based policy draft that addresses the needs of underserved communities. Incorporating Cora's feedback will help strengthen the proposal before submitting it to the Policy Director.
2024-06-22 08:47:47,361 - Iris - INFO - Setting next wakeup alarm to: 2024-06-22T07:52:47.361307+00:00
2024-06-22 08:47:47,635 - Iris - INFO - Updating whiteboard to:
# Tasks

- Review policy draft for healthcare reform bill
- Conduct additional research on impact on underserved communities
- Incorporate feedback from Policy Critic Cora
- Revise draft and submit to Policy Director Robert for review

# Responsibilities

- Ensure policy draft aligns with government objectives and legal framework
- Provide accurate, unbiased analysis to support decision-making
- Collaborate with Policy Critic to refine the policy proposal

# Motivations

The healthcare reform bill is a key government priority to improve access and outcomes for all citizens. As the Policy Generator, I am responsible for producing a high-quality, evidence-based policy draft that addresses the needs of underserved communities. Incorporating Cora's feedback will help strengthen the proposal before submitting it to the Policy Director.
2024-06-22 08:47:47,636 - Iris - INFO - Setting next wakeup alarm to: 2024-06-22T07:52:47.636295+00:00
2024-06-22 08:47:51,038 - Iris - INFO - Updating whiteboard to:
# Tasks

- Review policy draft for healthcare reform bill
- Conduct additional research on impact on underserved communities
- Incorporate feedback from Policy Critic Cora
- Revise draft and submit to Policy Director Robert for review

# Responsibilities

- Ensure policy draft aligns with government objectives and legal framework
- Provide accurate, unbiased analysis to support decision-making
- Collaborate with Policy Critic to refine the policy proposal

# Motivations

The healthcare reform bill is a key government priority to improve access and outcomes for all citizens. As the Policy Generator, I am responsible for producing a high-quality, evidence-based policy draft that addresses the needs of underserved communities. Incorporating Cora's feedback will help strengthen the proposal before submitting it to the Policy Director.
2024-06-22 08:47:51,039 - Iris - INFO - Setting next wakeup alarm to: 2024-06-22T07:52:51.039612+00:00
2024-06-22 08:47:52,387 - Iris - INFO - Updating whiteboard to:
# Tasks

- Review policy draft for healthcare reform bill
- Conduct additional research on impact on underserved communities
- Incorporate feedback from Policy Critic Cora
- Revise draft and submit to Policy Director Robert for review

# Responsibilities

- Ensure policy draft aligns with government objectives and legal framework
- Provide accurate, unbiased analysis to support decision-making
- Collaborate with Policy Critic to refine the policy proposal

# Motivations

The healthcare reform bill is a key government priority to improve access and outcomes for all citizens. As the Policy Generator, I am responsible for producing a high-quality, evidence-based policy draft that addresses the needs of underserved communities. Incorporating Cora's feedback will help strengthen the proposal before submitting it to the Policy Director.
2024-06-22 08:47:52,388 - Iris - INFO - Setting next wakeup alarm to: 2024-06-22T07:52:52.387973+00:00
2024-06-22 08:47:53,719 - Iris - INFO - Updating whiteboard to:
# Tasks

- Review policy draft for healthcare reform bill
- Conduct additional research on impact on underserved communities
- Incorporate feedback from Policy Critic Cora
- Revise draft and submit to Policy Director Robert for review

# Responsibilities

- Ensure policy draft aligns with government objectives and legal framework
- Provide accurate, unbiased analysis to support decision-making
- Collaborate with Policy Critic to refine the policy proposal

# Motivations

The healthcare reform bill is a key government priority to improve access and outcomes for all citizens. As the Policy Generator, I am responsible for producing a high-quality, evidence-based policy draft that addresses the needs of underserved communities. Incorporating Cora's feedback will help strengthen the proposal before submitting it to the Policy Director.
2024-06-22 08:47:53,719 - Iris - INFO - Setting next wakeup alarm to: 2024-06-22T07:52:53.719782+00:00
2024-06-22 08:47:57,303 - Iris - INFO - Updating whiteboard to:
# Tasks

- Review policy draft for healthcare reform bill
- Conduct additional research on impact on underserved communities
- Incorporate feedback from Policy Critic Cora
- Revise draft and submit to Policy Director Robert for review

# Responsibilities

- Ensure policy draft aligns with government objectives and legal framework
- Provide accurate, unbiased analysis to support decision-making
- Collaborate with Policy Critic to refine the policy proposal

# Motivations

The healthcare reform bill is a key government priority to improve access and outcomes for all citizens. As the Policy Generator, I am responsible for producing a high-quality, evidence-based policy draft that addresses the needs of underserved communities. Incorporating Cora's feedback will help strengthen the proposal before submitting it to the Policy Director.
2024-06-22 08:47:57,304 - Iris - INFO - Setting next wakeup alarm to: 2024-06-22T07:52:57.304252+00:00
2024-06-22 08:48:01,196 - Iris - INFO - Updating whiteboard to:
# Tasks

- Review policy draft for healthcare reform bill
- Conduct additional research on impact on underserved communities
- Incorporate feedback from Policy Critic Cora
- Revise draft and submit to Policy Director Robert for review

# Responsibilities

- Ensure policy draft aligns with government objectives and legal framework
- Provide accurate, unbiased analysis to support decision-making
- Collaborate with Policy Critic to refine the policy proposal

# Motivations

The healthcare reform bill is a key government priority to improve access and outcomes for all citizens. As the Policy Generator, I am responsible for producing a high-quality, evidence-based policy draft that addresses the needs of underserved communities. Incorporating Cora's feedback will help strengthen the proposal before submitting it to the Policy Director.
2024-06-22 08:48:01,197 - Iris - INFO - Setting next wakeup alarm to: 2024-06-22T07:58:01.197486+00:00
2024-06-22 08:48:05,580 - Iris - INFO - Updating whiteboard to:
# Tasks

- Review policy draft for healthcare reform bill
- Conduct additional research on impact on underserved communities
- Incorporate feedback from Policy Critic Cora
- Revise draft and submit to Policy Director Robert for review

# Responsibilities

- Ensure policy draft aligns with government objectives and legal framework
- Provide accurate, unbiased analysis to support decision-making
- Collaborate with Policy Critic to refine the policy proposal

# Motivations

The healthcare reform bill is a key government priority to improve access and outcomes for all citizens. As the Policy Generator, I am responsible for producing a high-quality, evidence-based policy draft that addresses the needs of underserved communities. Incorporating Cora's feedback will help strengthen the proposal before submitting it to the Policy Director.
2024-06-22 08:48:05,582 - Iris - INFO - Setting next wakeup alarm to: 2024-06-22T07:58:05.582294+00:00
2024-06-22 08:48:09,050 - Iris - INFO - Updating whiteboard to:
# Tasks

- Review policy draft for healthcare reform bill
- Conduct additional research on impact on underserved communities
- Incorporate feedback from Policy Critic Cora
- Revise draft and submit to Policy Director Robert for review

# Responsibilities

- Ensure policy draft aligns with government objectives and legal framework
- Provide accurate, unbiased analysis to support decision-making
- Collaborate with Policy Critic to refine the policy proposal

# Motivations

The healthcare reform bill is a key government priority to improve access and outcomes for all citizens. As the Policy Generator, I am responsible for producing a high-quality, evidence-based policy draft that addresses the needs of underserved communities. Incorporating Cora's feedback will help strengthen the proposal before submitting it to the Policy Director.
2024-06-22 08:48:09,052 - Iris - INFO - Setting next wakeup alarm to: 2024-06-22T07:58:09.051972+00:00
2024-06-22 08:48:13,538 - Iris - INFO - Updating whiteboard to:
# Tasks

- Review policy draft for healthcare reform bill
- Conduct additional research on impact on underserved communities
- Incorporate feedback from Policy Critic Cora
- Revise draft and submit to Policy Director Robert for review

# Responsibilities

- Ensure policy draft aligns with government objectives and legal framework
- Provide accurate, unbiased analysis to support decision-making
- Collaborate with Policy Critic to refine the policy proposal

# Motivations

The healthcare reform bill is a key government priority to improve access and outcomes for all citizens. As the Policy Generator, I am responsible for producing a high-quality, evidence-based policy draft that addresses the needs of underserved communities. Incorporating Cora's feedback will help strengthen the proposal before submitting it to the Policy Director.
2024-06-22 08:48:13,539 - Iris - INFO - Setting next wakeup alarm to: 2024-06-22T07:58:13.539824+00:00
2024-06-22 08:48:17,227 - Iris - INFO - Updating whiteboard to:
# Tasks

- Review policy draft for healthcare reform bill
- Conduct additional research on impact on underserved communities
- Incorporate feedback from Policy Critic Cora
- Revise draft and submit to Policy Director Robert for review

# Responsibilities

- Ensure policy draft aligns with government objectives and legal framework
- Provide accurate, unbiased analysis to support decision-making
- Collaborate with Policy Critic to refine the policy proposal

# Motivations

The healthcare reform bill is a key government priority to improve access and outcomes for all citizens. As the Policy Generator, I am responsible for producing a high-quality, evidence-based policy draft that addresses the needs of underserved communities. Incorporating Cora's feedback will help strengthen the proposal before submitting it to the Policy Director.
2024-06-22 08:48:17,229 - Iris - INFO - Setting next wakeup alarm to: 2024-06-22T07:58:17.229079+00:00
2024-06-22 08:48:45,938 - Iris - INFO - Setting next wakeup alarm to: 2024-06-22T07:48:50.938283+00:00
2024-06-22 08:48:50,939 - Iris - INFO - Wakeup alarm triggered.
2024-06-22 08:48:52,981 - Iris - INFO - Updating whiteboard to:
# Tasks

- Review policy draft for healthcare reform bill
- Conduct additional research on impact on underserved communities
- Incorporate feedback from Policy Critic Cora
- Revise draft and submit to Policy Director Robert for review

# Responsibilities

- Ensure policy draft aligns with government objectives and legal framework
- Provide accurate, unbiased analysis to support decision-making
- Collaborate with Policy Critic to refine the policy proposal

# Motivations

The healthcare reform bill is a key government priority to improve access and outcomes for all citizens. As the Policy Generator, I am responsible for producing a high-quality, evidence-based policy draft that addresses the needs of underserved communities. Incorporating Cora's feedback will help strengthen the proposal before submitting it to the Policy Director.
2024-06-22 08:48:52,984 - Iris - INFO - Setting next wakeup alarm to: 2024-06-22T07:48:57.984213+00:00
2024-06-22 08:48:54,541 - Iris - INFO - Updating whiteboard to:
# Tasks

- Review policy draft for healthcare reform bill
- Conduct additional research on impact on underserved communities
- Incorporate feedback from Policy Critic Cora
- Revise draft and submit to Policy Director Robert for review

# Responsibilities

- Ensure policy draft aligns with government objectives and legal framework
- Provide accurate, unbiased analysis to support decision-making
- Collaborate with Policy Critic to refine the policy proposal

# Motivations

The healthcare reform bill is a key government priority to improve access and outcomes for all citizens. As the Policy Generator, I am responsible for producing a high-quality, evidence-based policy draft that addresses the needs of underserved communities. Incorporating Cora's feedback will help strengthen the proposal before submitting it to the Policy Director.
2024-06-22 08:48:54,541 - Iris - INFO - Setting next wakeup alarm to: 2024-06-22T07:48:59.541982+00:00
2024-06-22 08:48:55,785 - Iris - INFO - Setting next wakeup alarm to: 2024-06-22T07:49:00.784992+00:00
2024-06-22 08:48:56,889 - Iris - INFO - Updating whiteboard to:
# Tasks

- Review policy draft for healthcare reform bill
- Analyze potential impacts on underserved communities
- Incorporate feedback from Policy Critic Cora
- Revise draft and submit to Policy Director Robert for review

# Responsibilities

- Ensure policy draft aligns with government objectives and legal framework
- Provide detailed analysis of how the reforms will benefit underserved populations
- Collaborate with Policy Critic to refine the policy proposal

# Motivations

The healthcare reform bill is a critical priority to improve access and outcomes for all citizens, particularly underserved communities. As the Policy Generator, I must thoroughly analyze the potential impacts and revise the draft to maximize the benefits for these populations. Incorporating Cora's feedback will be essential to strengthening the proposal before submitting it to the Policy Director.
2024-06-22 08:48:56,889 - Iris - INFO - Setting next wakeup alarm to: 2024-06-22T07:49:01.889837+00:00
2024-06-22 08:48:57,412 - Iris - INFO - Setting next wakeup alarm to: 2024-06-22T07:49:02.412468+00:00
2024-06-22 08:48:57,453 - Iris - INFO - Setting next wakeup alarm to: 2024-06-22T07:49:02.453630+00:00
2024-06-22 08:48:59,825 - Iris - INFO - Setting next wakeup alarm to: 2024-06-22T07:49:04.825868+00:00
2024-06-22 08:49:00,594 - Iris - INFO - Updating whiteboard to:
# Tasks

- Review policy draft for healthcare reform bill
- Analyze potential impacts on underserved communities
- Incorporate feedback from Policy Critic Cora
- Revise draft and submit to Policy Director Robert for review

# Responsibilities

- Ensure policy draft aligns with government objectives and legal framework
- Provide detailed analysis of how the reforms will benefit underserved populations
- Collaborate with Policy Critic to refine the policy proposal

# Motivations

The healthcare reform bill is a critical priority to improve access and outcomes for all citizens, particularly underserved communities. As the Policy Generator, I must thoroughly analyze the potential impacts and revise the draft to maximize the benefits for these populations. Incorporating Cora's feedback will be essential to strengthening the proposal before submitting it to the Policy Director.
2024-06-22 08:49:00,595 - Iris - INFO - Setting next wakeup alarm to: 2024-06-22T07:49:05.595299+00:00
2024-06-22 08:49:03,759 - Iris - INFO - Updating whiteboard to:
# Tasks
- Review policy draft for healthcare reform bill
- Analyze potential impacts on underserved communities
- Incorporate feedback from Policy Critic Cora
- Revise draft and submit to Policy Director Robert for review

# Responsibilities
- Ensure policy draft aligns with government objectives and legal framework
- Provide detailed analysis of how the reforms will benefit underserved populations
- Collaborate with Policy Critic to refine the policy proposal

# Motivations
The healthcare reform bill is a critical priority to improve access and outcomes for all citizens, particularly underserved communities. As the Policy Generator, I must thoroughly analyze the potential impacts and revise the draft to maximize the benefits for these populations. Incorporating Cora's feedback will be essential to strengthening the proposal before submitting it to the Policy Director.
2024-06-22 08:49:03,763 - Iris - INFO - Setting next wakeup alarm to: 2024-06-22T07:49:08.762965+00:00
2024-06-22 08:49:04,273 - Iris - INFO - Setting next wakeup alarm to: 2024-06-22T07:50:04.273716+00:00
2024-06-22 08:49:04,984 - Iris - INFO - Setting next wakeup alarm to: 2024-06-22T07:49:09.984451+00:00
2024-06-22 08:49:06,831 - Iris - INFO - Updating whiteboard to:
# Tasks

- Incorporate feedback from Policy Critic Cora
- Revise draft and submit to Policy Director Robert for review

# Responsibilities

- Ensure policy draft aligns with government objectives and legal framework
- Provide detailed analysis of how the reforms will benefit underserved populations
- Collaborate with Policy Critic to refine the policy proposal

# Motivations

The healthcare reform bill is a critical priority to improve access and outcomes for all citizens, particularly underserved communities. I have submitted the updated draft to Cora for review, and I will work closely with her to incorporate any necessary revisions before submitting the final proposal to the Policy Director.
2024-06-22 08:49:06,831 - Iris - INFO - Setting next wakeup alarm to: 2024-06-22T07:50:06.831872+00:00
2024-06-22 08:49:08,145 - Iris - INFO - Updating whiteboard to:
# Tasks
- Review policy draft for healthcare reform bill
- Analyze potential impacts on underserved communities
- Incorporate feedback from Policy Critic Cora
- Revise draft and submit to Policy Director Robert for review

# Responsibilities
- Ensure policy draft aligns with government objectives and legal framework
- Provide detailed analysis of how the reforms will benefit underserved populations
- Collaborate with Policy Critic to refine the policy proposal

# Motivations
The healthcare reform bill is a critical priority to improve access and outcomes for all citizens, particularly underserved communities. As the Policy Generator, I must thoroughly analyze the potential impacts and revise the draft to maximize the benefits for these populations. Incorporating Cora's feedback will be essential to strengthening the proposal before submitting it to the Policy Director.
2024-06-22 08:49:08,145 - Iris - INFO - Setting next wakeup alarm to: 2024-06-22T07:49:13.145612+00:00
2024-06-22 08:49:11,509 - Iris - INFO - Setting next wakeup alarm to: 2024-06-22T07:49:16.509609+00:00
2024-06-22 10:06:27,287 - Iris - INFO - Starting backend for Iris
2024-06-22 10:06:31,965 - Iris - INFO - Setting next wakeup alarm to: 2024-06-22T09:06:36.965537+00:00
2024-06-22 10:06:36,967 - Iris - INFO - Wakeup alarm triggered.
2024-06-22 10:06:37,341 - Iris - INFO - Setting next wakeup alarm to: 2024-06-22T09:06:42.341681+00:00
2024-06-22 10:06:39,598 - Iris - INFO - Updating whiteboard to:
# Whiteboard

I was woken up by my wakeup alarm. I need to start working on drafting a new policy proposal, as there are no current tasks on my whiteboard.
2024-06-22 10:06:39,603 - Iris - INFO - Setting next wakeup alarm to: 2024-06-22T09:11:39.603264+00:00
2024-06-22 10:06:41,338 - Iris - INFO - Updating whiteboard to:
# Whiteboard

- Drafting initial policy proposal in file 'policy_draft.txt'
- Next steps:
  - Research relevant data and evidence to support the policy
  - Consult with relevant stakeholders to gather feedback
  - Refine the policy proposal based on research and feedback
  - Send draft to Cora for review
2024-06-22 10:06:41,339 - Iris - INFO - Setting next wakeup alarm to: 2024-06-22T09:11:41.339213+00:00
2024-06-22 10:06:41,341 - Iris - INFO - Updating whiteboard to:
# Whiteboard

- Draft initial policy proposal in policy_draft.txt
- Review and refine the draft based on feedback from Cora
2024-06-22 10:06:41,341 - Iris - INFO - Setting next wakeup alarm to: 2024-06-22T09:11:41.341858+00:00
2024-06-22 10:06:41,849 - Iris - INFO - Updating whiteboard to:
# Whiteboard

Draft a new policy proposal on a topic to be determined. Research relevant background information and best practices.
2024-06-22 10:06:41,849 - Iris - INFO - Setting next wakeup alarm to: 2024-06-22T09:06:46.849670+00:00
2024-06-22 10:06:46,852 - Iris - INFO - Wakeup alarm triggered.
2024-06-22 10:06:47,986 - Iris - INFO - Setting next wakeup alarm to: 2024-06-22T09:06:52.986623+00:00
2024-06-22 10:06:49,090 - Iris - INFO - Updating whiteboard to:
# Whiteboard

Research policy topics and best practices for drafting a new policy proposal.
Create an initial draft of the policy proposal.
2024-06-22 10:06:49,091 - Iris - INFO - Setting next wakeup alarm to: 2024-06-22T09:06:54.091007+00:00
2024-06-22 10:06:50,144 - Iris - INFO - Setting next wakeup alarm to: 2024-06-22T09:06:55.144795+00:00
2024-06-22 10:06:51,371 - Iris - INFO - Updating whiteboard to:
# Whiteboard

Research policy topics and best practices for drafting a new policy proposal.
Create an initial draft of the policy proposal.
Revise and refine the draft policy proposal.
2024-06-22 10:06:51,372 - Iris - INFO - Setting next wakeup alarm to: 2024-06-22T09:07:01.372239+00:00
2024-06-22 10:07:01,374 - Iris - INFO - Wakeup alarm triggered.
2024-06-22 10:07:02,796 - Iris - INFO - Setting next wakeup alarm to: 2024-06-22T09:07:07.796228+00:00
2024-06-22 10:07:04,461 - Iris - INFO - Updating whiteboard to:
# Whiteboard

Research policy topics and best practices for drafting a new policy proposal.
Create an initial draft of the policy proposal.
Revise and refine the draft policy proposal.
2024-06-22 10:07:04,461 - Iris - INFO - Setting next wakeup alarm to: 2024-06-22T09:12:04.461416+00:00
2024-06-22 10:07:04,796 - Iris - INFO - Setting next wakeup alarm to: 2024-06-22T09:08:04.796603+00:00
2024-06-22 10:07:06,425 - Iris - INFO - Updating whiteboard to:
# Whiteboard

Research policy topics and best practices for drafting a new policy proposal.
Create an initial draft of the policy proposal.
Revise and refine the draft policy proposal.
2024-06-22 10:07:06,425 - Iris - INFO - Setting next wakeup alarm to: 2024-06-22T09:08:06.425931+00:00
2024-06-22 10:07:06,885 - Iris - INFO - Updating whiteboard to:
# Whiteboard

Research policy topics and best practices for drafting a new policy proposal. ✓
Create an initial draft of the policy proposal. ✓ 
Revise and refine the draft policy proposal.
2024-06-22 10:07:06,885 - Iris - INFO - Setting next wakeup alarm to: 2024-06-22T09:12:06.885780+00:00
2024-06-22 10:08:17,535 - Iris - INFO - Setting next wakeup alarm to: 2024-06-22T09:08:22.535732+00:00
2024-06-22 10:08:22,539 - Iris - INFO - Wakeup alarm triggered.
2024-06-22 10:08:24,056 - Iris - INFO - Setting next wakeup alarm to: 2024-06-22T09:13:24.056931+00:00
2024-06-22 10:08:26,094 - Iris - INFO - Setting next wakeup alarm to: 2024-06-22T09:13:26.094577+00:00
2024-06-22 10:08:26,097 - Iris - INFO - Setting next wakeup alarm to: 2024-06-22T09:13:26.097560+00:00
2024-06-22 10:08:28,027 - Iris - INFO - Setting next wakeup alarm to: 2024-06-22T09:13:28.027883+00:00
2024-06-22 10:08:29,780 - Iris - INFO - Setting next wakeup alarm to: 2024-06-22T09:13:29.780940+00:00
2024-06-22 10:08:29,892 - Iris - INFO - Setting next wakeup alarm to: 2024-06-22T09:13:29.892703+00:00
2024-06-22 10:08:31,585 - Iris - INFO - Setting next wakeup alarm to: 2024-06-22T09:18:31.585487+00:00
2024-06-22 10:08:31,810 - Iris - INFO - Setting next wakeup alarm to: 2024-06-22T09:09:31.810200+00:00
2024-06-22 10:08:31,968 - Iris - INFO - Setting next wakeup alarm to: 2024-06-22T09:13:31.968062+00:00
2024-06-22 10:08:33,482 - Iris - INFO - Setting next wakeup alarm to: 2024-06-22T09:18:33.482808+00:00
2024-06-22 10:08:33,624 - Iris - INFO - Setting next wakeup alarm to: 2024-06-22T09:18:33.624176+00:00
2024-06-22 10:08:34,085 - Iris - INFO - Setting next wakeup alarm to: 2024-06-22T09:09:34.085471+00:00
2024-06-22 10:08:34,327 - Iris - INFO - Setting next wakeup alarm to: 2024-06-22T09:18:34.327437+00:00
2024-06-22 10:08:35,115 - Iris - INFO - Setting next wakeup alarm to: 2024-06-22T09:18:35.115445+00:00
2024-06-22 10:08:35,623 - Iris - INFO - Setting next wakeup alarm to: 2024-06-22T09:13:35.623211+00:00
2024-06-22 10:08:35,625 - Iris - INFO - Setting next wakeup alarm to: 2024-06-22T09:18:35.625447+00:00
2024-06-22 10:08:36,147 - Iris - INFO - Setting next wakeup alarm to: 2024-06-22T09:18:36.147429+00:00
2024-06-22 10:08:36,958 - Iris - INFO - Setting next wakeup alarm to: 2024-06-22T09:18:36.958287+00:00
2024-06-22 10:08:37,358 - Iris - INFO - Setting next wakeup alarm to: 2024-06-22T09:18:37.358435+00:00
2024-06-22 10:08:37,859 - Iris - INFO - Setting next wakeup alarm to: 2024-06-22T09:18:37.859880+00:00
2024-06-22 10:08:38,721 - Iris - INFO - Setting next wakeup alarm to: 2024-06-22T09:18:38.721221+00:00
2024-06-22 10:08:39,327 - Iris - INFO - Setting next wakeup alarm to: 2024-06-22T09:18:39.327231+00:00
2024-06-22 10:08:41,252 - Iris - INFO - Setting next wakeup alarm to: 2024-06-22T09:18:41.252257+00:00
2024-06-22 10:08:43,033 - Iris - INFO - Setting next wakeup alarm to: 2024-06-22T09:18:43.032990+00:00
2024-06-22 10:10:06,734 - Iris - INFO - Starting backend for Iris
2024-06-22 10:10:11,571 - Iris - INFO - Setting next wakeup alarm to: 2024-06-22T09:15:11.571751+00:00
2024-06-22 10:10:22,567 - Iris - INFO - Starting backend for Iris
2024-06-22 10:10:26,774 - Iris - INFO - Setting next wakeup alarm to: 2024-06-22T09:10:31.774031+00:00
2024-06-22 10:10:31,775 - Iris - INFO - Wakeup alarm triggered.
2024-06-22 10:10:32,644 - Iris - INFO - Setting next wakeup alarm to: 2024-06-22T09:15:32.644753+00:00
2024-06-22 10:10:39,423 - Iris - INFO - Setting next wakeup alarm to: 2024-06-22T09:10:44.423548+00:00
2024-06-22 10:10:44,425 - Iris - INFO - Wakeup alarm triggered.
2024-06-22 10:10:46,042 - Iris - INFO - Updating whiteboard to:
# Whiteboard

## Current Tasks
- Prepare a draft policy document on healthcare reform
  - Research and analyze existing healthcare policies
  - Identify key issues and potential solutions
  - Outline policy objectives and proposed measures
  - Write a clear and concise draft document
2024-06-22 10:10:46,042 - Iris - INFO - Setting next wakeup alarm to: 2024-06-22T09:15:46.042446+00:00
2024-06-22 10:10:50,327 - Iris - INFO - Setting next wakeup alarm to: 2024-06-22T09:15:50.327508+00:00
2024-06-22 10:10:52,649 - Iris - INFO - Updating whiteboard to:
# Whiteboard

## Current Tasks
- Prepare a draft policy document on healthcare reform
  - ✅ Research and analyze existing healthcare policies
  - ✅ Identify key issues and potential solutions
  - ✅ Outline policy objectives and proposed measures
  - ✅ Write a clear and concise draft document
  - Circulate draft to stakeholders for feedback
  - Incorporate feedback and finalize policy proposal
  - Present final policy proposal to Cabinet
2024-06-22 10:10:52,650 - Iris - INFO - Setting next wakeup alarm to: 2024-06-22T09:20:52.650552+00:00
2024-06-22 10:10:52,681 - Iris - INFO - Updating whiteboard to:
# Whiteboard

## Current Tasks
- Prepare a draft policy document on healthcare reform
  - ✓ Research and analyze existing healthcare policies
  - ✓ Identify key issues and potential solutions
  - ✓ Outline policy objectives and proposed measures
  - ✓ Write a clear and concise draft document
  - Review and refine the draft policy document
  - Circulate draft to stakeholders for feedback
2024-06-22 10:10:52,681 - Iris - INFO - Setting next wakeup alarm to: 2024-06-22T09:15:52.681373+00:00
2024-06-22 10:11:33,797 - Iris - INFO - Setting next wakeup alarm to: 2024-06-22T09:11:38.797176+00:00
2024-06-22 10:11:38,798 - Iris - INFO - Wakeup alarm triggered.
2024-06-22 10:11:41,479 - Iris - INFO - Setting next wakeup alarm to: 2024-06-22T09:12:41.479792+00:00
2024-06-22 10:11:43,631 - Iris - INFO - Setting next wakeup alarm to: 2024-06-22T09:12:43.631589+00:00
2024-06-22 10:11:43,634 - Iris - INFO - Setting next wakeup alarm to: 2024-06-22T09:12:43.634759+00:00
2024-06-22 10:11:45,317 - Iris - INFO - Setting next wakeup alarm to: 2024-06-22T09:12:45.317717+00:00
2024-06-22 10:11:45,460 - Iris - INFO - Setting next wakeup alarm to: 2024-06-22T09:16:45.460275+00:00
2024-06-22 10:11:47,010 - Iris - INFO - Updating whiteboard to:
# Whiteboard

## Current Tasks
- Prepare a draft policy document on healthcare reform
  - ✓ Research and analyze existing healthcare policies
  - ✓ Identify key issues and potential solutions
  - ✓ Outline policy objectives and proposed measures
  - ✓ Write a clear and concise draft document
  - Review and refine the draft policy document
  - Circulate draft to stakeholders for feedback
2024-06-22 10:11:47,011 - Iris - INFO - Setting next wakeup alarm to: 2024-06-22T09:12:47.011200+00:00
2024-06-22 10:11:47,127 - Iris - INFO - Updating whiteboard to:
# Whiteboard

## Current Tasks
- Prepare a draft policy document on healthcare reform
  - ✓ Research and analyze existing healthcare policies
  - ✓ Identify key issues and potential solutions
  - ✓ Outline policy objectives and proposed measures
  - ✓ Write a clear and concise draft document
  - Review and refine the draft policy document
  - Circulate draft to stakeholders for feedback
2024-06-22 10:11:47,128 - Iris - INFO - Setting next wakeup alarm to: 2024-06-22T09:12:47.128500+00:00
2024-06-22 10:11:47,693 - Iris - INFO - Updating whiteboard to:
# Whiteboard

## Current Tasks
- Prepare a draft policy document on healthcare reform
  - ✓ Research and analyze existing healthcare policies
  - ✓ Identify key issues and potential solutions
  - ✓ Outline policy objectives and proposed measures
  - ✓ Write a clear and concise draft document
  - Review and refine the draft policy document
  - Circulate draft to stakeholders for feedback
2024-06-22 10:11:47,693 - Iris - INFO - Setting next wakeup alarm to: 2024-06-22T09:12:47.693189+00:00
2024-06-22 10:11:48,199 - Iris - INFO - Setting next wakeup alarm to: 2024-06-22T09:16:48.199700+00:00
2024-06-22 10:11:49,820 - Iris - INFO - Updating whiteboard to:
# Whiteboard

## Current Tasks
- Prepare a draft policy document on healthcare reform
  - ✓ Research and analyze existing healthcare policies
  - ✓ Identify key issues and potential solutions
  - ✓ Outline policy objectives and proposed measures
  - ✓ Write a clear and concise draft document
  - Review and refine the draft policy document
  - Circulate draft to stakeholders for feedback
2024-06-22 10:11:49,821 - Iris - INFO - Setting next wakeup alarm to: 2024-06-22T09:12:49.821385+00:00
2024-06-22 10:11:50,287 - Iris - INFO - Updating whiteboard to:
# Whiteboard

## Current Tasks
- Prepare a draft policy document on healthcare reform
  - ✓ Research and analyze existing healthcare policies
  - ✓ Identify key issues and potential solutions
  - ✓ Outline policy objectives and proposed measures
  - ✓ Write a clear and concise draft document
  - Review and refine the draft policy document
  - Circulate draft to stakeholders for feedback
2024-06-22 10:11:50,289 - Iris - INFO - Setting next wakeup alarm to: 2024-06-22T09:12:50.289162+00:00
2024-06-22 10:11:50,541 - Iris - INFO - Updating whiteboard to:
# Whiteboard

## Current Tasks
- Prepare a draft policy document on healthcare reform
  - ✓ Research and analyze existing healthcare policies
  - ✓ Identify key issues and potential solutions
  - ✓ Outline policy objectives and proposed measures
  - ✓ Write a clear and concise draft document
  - ✓ Review and refine the draft policy document
  - Circulate draft to stakeholders for feedback
2024-06-22 10:11:50,542 - Iris - INFO - Setting next wakeup alarm to: 2024-06-22T09:16:50.542094+00:00
2024-06-22 10:11:52,096 - Iris - INFO - Updating whiteboard to:
# Whiteboard

## Current Tasks
- Prepare a draft policy document on healthcare reform
  - ✓ Research and analyze existing healthcare policies
  - ✓ Identify key issues and potential solutions
  - ✓ Outline policy objectives and proposed measures
  - ✓ Write a clear and concise draft document
  - ✓ Review and refine the draft policy document
  - Circulate draft to stakeholders for feedback
2024-06-22 10:11:52,096 - Iris - INFO - Setting next wakeup alarm to: 2024-06-22T09:12:52.096575+00:00
2024-06-22 10:11:52,595 - Iris - INFO - Updating whiteboard to:
# Whiteboard

## Current Tasks
- Prepare a draft policy document on healthcare reform
  - ✓ Research and analyze existing healthcare policies
  - ✓ Identify key issues and potential solutions
  - ✓ Outline policy objectives and proposed measures
  - ✓ Write a clear and concise draft document
  - ✓ Review and refine the draft policy document
  - Circulate draft to stakeholders for feedback
2024-06-22 10:11:52,595 - Iris - INFO - Setting next wakeup alarm to: 2024-06-22T09:16:52.595751+00:00
2024-06-22 10:11:53,951 - Iris - INFO - Updating whiteboard to:
# Whiteboard

## Current Tasks
- Prepare a draft policy document on healthcare reform
  - ✓ Research and analyze existing healthcare policies
  - ✓ Identify key issues and potential solutions
  - ✓ Outline policy objectives and proposed measures
  - ✓ Write a clear and concise draft document
  - ✓ Review and refine the draft policy document
  - Circulate draft to stakeholders for feedback
2024-06-22 10:11:53,951 - Iris - INFO - Setting next wakeup alarm to: 2024-06-22T09:16:53.951557+00:00
2024-06-22 10:11:55,496 - Iris - INFO - Updating whiteboard to:
# Whiteboard

## Current Tasks
- Prepare a draft policy document on healthcare reform
  - ✓ Research and analyze existing healthcare policies
  - ✓ Identify key issues and potential solutions
  - ✓ Outline policy objectives and proposed measures
  - ✓ Write a clear and concise draft document
  - ✓ Review and refine the draft policy document
  - Circulate draft to stakeholders for feedback
2024-06-22 10:11:55,497 - Iris - INFO - Setting next wakeup alarm to: 2024-06-22T09:16:55.497322+00:00
2024-06-22 10:11:56,076 - Iris - INFO - Updating whiteboard to:
# Whiteboard

## Current Tasks
- Prepare a draft policy document on healthcare reform
  - ✓ Research and analyze existing healthcare policies
  - ✓ Identify key issues and potential solutions
  - ✓ Outline policy objectives and proposed measures
  - ✓ Write a clear and concise draft document
  - ✓ Review and refine the draft policy document
  - Circulate draft to stakeholders for feedback
2024-06-22 10:11:56,076 - Iris - INFO - Setting next wakeup alarm to: 2024-06-22T09:16:56.076836+00:00
2024-06-22 10:11:56,401 - Iris - INFO - Updating whiteboard to:
# Whiteboard

## Current Tasks
- Prepare a draft policy document on healthcare reform
  - ✓ Research and analyze existing healthcare policies
  - ✓ Identify key issues and potential solutions
  - ✓ Outline policy objectives and proposed measures
  - ✓ Write a clear and concise draft document
  - ✓ Review and refine the draft policy document
  - Circulate draft to stakeholders for feedback
2024-06-22 10:11:56,401 - Iris - INFO - Setting next wakeup alarm to: 2024-06-22T09:16:56.401941+00:00
2024-06-22 10:11:57,965 - Iris - INFO - Updating whiteboard to:
# Whiteboard

## Current Tasks
- Prepare a draft policy document on healthcare reform
  - ✓ Research and analyze existing healthcare policies
  - ✓ Identify key issues and potential solutions
  - ✓ Outline policy objectives and proposed measures
  - ✓ Write a clear and concise draft document
  - ✓ Review and refine the draft policy document
  - Circulate draft to stakeholders for feedback
2024-06-22 10:11:57,965 - Iris - INFO - Setting next wakeup alarm to: 2024-06-22T09:16:57.965599+00:00
2024-06-22 10:11:58,685 - Iris - INFO - Updating whiteboard to:
# Whiteboard

## Current Tasks
- Prepare a draft policy document on healthcare reform
  - ✓ Research and analyze existing healthcare policies
  - ✓ Identify key issues and potential solutions
  - ✓ Outline policy objectives and proposed measures
  - ✓ Write a clear and concise draft document
  - ✓ Review and refine the draft policy document
  - Circulate draft to stakeholders for feedback
2024-06-22 10:11:58,685 - Iris - INFO - Setting next wakeup alarm to: 2024-06-22T09:16:58.685802+00:00
2024-06-22 10:11:59,988 - Iris - INFO - Updating whiteboard to:
# Whiteboard

## Current Tasks
- Prepare a draft policy document on healthcare reform
  - ✓ Research and analyze existing healthcare policies
  - ✓ Identify key issues and potential solutions
  - ✓ Outline policy objectives and proposed measures
  - ✓ Write a clear and concise draft document
  - ✓ Review and refine the draft policy document
  - Circulate draft to stakeholders for feedback
2024-06-22 10:11:59,989 - Iris - INFO - Setting next wakeup alarm to: 2024-06-22T09:16:59.989011+00:00
2024-06-22 10:12:35,386 - Iris - INFO - Starting backend for Iris
2024-06-22 11:08:27,630 - Iris - INFO - Starting backend for Iris
2024-06-22 11:08:55,138 - Iris - INFO - Starting backend for Iris
2024-06-22 11:10:06,832 - Iris - INFO - Starting backend for Iris
2024-06-22 11:10:35,674 - Iris - INFO - Starting backend for Iris
2024-06-22 11:13:26,255 - Iris - INFO - Starting backend for Iris
2024-06-22 11:14:41,189 - Iris - INFO - Starting backend for Iris
2024-06-22 11:15:14,689 - Iris - INFO - Starting backend for Iris
2024-06-22 11:15:21,824 - Iris - INFO - Updating whiteboard to:
# Pending Tasks
- Understand and respond to student's request
2024-06-22 11:15:21,825 - Iris - INFO - Setting next wakeup alarm to: 2024-06-22T10:20:21.824991+00:00
2024-06-22 11:20:21,827 - Iris - INFO - Wakeup alarm triggered.
